<?xml version="1.0" encoding="UTF-8"?>
<!-- Generated by org.testng.reporters.JUnitXMLReporter -->
<testsuite hostname="aagarg-WX-4" ignored="0" name="Default test" tests="21" failures="0" timestamp="22 Jul 2019 06:30:34 GMT" time="0.063" errors="0">
  <testcase name="TestChangePassword" time="0.01" classname="agodaTest.agoda.ChangePasswordTest"/>
  <testcase name="TestChangePassword" time="0.001" classname="agodaTest.agoda.ChangePasswordTest"/>
  <testcase name="TestChangePassword" time="0.001" classname="agodaTest.agoda.ChangePasswordTest"/>
  <testcase name="TestChangePassword" time="0.001" classname="agodaTest.agoda.ChangePasswordTest"/>
  <testcase name="TestChangePassword" time="0.001" classname="agodaTest.agoda.ChangePasswordTest"/>
  <testcase name="TestChangePassword" time="0.001" classname="agodaTest.agoda.ChangePasswordTest"/>
  <testcase name="TestChangePassword" time="0.001" classname="agodaTest.agoda.ChangePasswordTest"/>
  <testcase name="TestChangePassword" time="0.0" classname="agodaTest.agoda.ChangePasswordTest"/>
  <testcase name="TestChangePassword" time="0.001" classname="agodaTest.agoda.ChangePasswordTest"/>
  <testcase name="TestChangePassword" time="0.001" classname="agodaTest.agoda.ChangePasswordTest"/>
  <testcase name="TestChangePassword" time="0.0" classname="agodaTest.agoda.ChangePasswordTest"/>
  <testcase name="TestChangePassword" time="0.001" classname="agodaTest.agoda.ChangePasswordTest"/>
  <testcase name="TestChangePassword" time="0.0" classname="agodaTest.agoda.ChangePasswordTest"/>
  <testcase name="TestChangePassword" time="0.001" classname="agodaTest.agoda.ChangePasswordTest"/>
  <testcase name="TestChangePassword" time="0.0" classname="agodaTest.agoda.ChangePasswordTest"/>
  <testcase name="TestChangePassword" time="0.001" classname="agodaTest.agoda.ChangePasswordTest"/>
  <testcase name="TestChangePassword" time="0.001" classname="agodaTest.agoda.ChangePasswordTest"/>
  <testcase name="TestChangePassword" time="0.001" classname="agodaTest.agoda.ChangePasswordTest"/>
  <testcase name="TestChangePassword" time="0.002" classname="agodaTest.agoda.ChangePasswordTest"/>
  <testcase name="TestChangePassword" time="0.001" classname="agodaTest.agoda.ChangePasswordTest"/>
  <testcase name="TestChangePassword" time="0.001" classname="agodaTest.agoda.ChangePasswordTest"/>
</testsuite> <!-- Default test -->
